2024-08-18 16:20:09.111 [info] [main] Log level: Info
2024-08-18 16:20:09.111 [info] [main] Validating found git in: "git"
2024-08-18 16:20:09.111 [info] [main] Using git "2.39.2" from "git"
2024-08-18 16:20:09.111 [info] [Model][doInitialScan] Initial repository scan started
2024-08-18 16:20:09.111 [info] > git rev-parse --show-toplevel [2384ms]
2024-08-18 16:20:09.111 [info] > git rev-parse --git-dir --git-common-dir [79ms]
2024-08-18 16:20:09.111 [info] [Model][openRepository] Opened repository: /home/fxy/Documents/2tal
2024-08-18 16:20:09.111 [info] [Model][doInitialScan] Initial repository scan completed - repositories (1), closed repositories (0), parent repositories (0), unsafe repositories (0)
2024-08-18 16:20:09.142 [info] > git config --get commit.template [26ms]
2024-08-18 16:20:09.408 [info] > git for-each-ref --format=%(refname)%00%(upstream:short)%00%(objectname)%00%(upstream:track)%00%(upstream:remotename)%00%(upstream:remoteref) refs/heads/main refs/remotes/main [147ms]
2024-08-18 16:20:09.468 [info] > git status -z -uall [32ms]
2024-08-18 16:20:09.500 [info] > git for-each-ref --format=%(refname)%00%(upstream:short)%00%(objectname)%00%(upstream:track)%00%(upstream:remotename)%00%(upstream:remoteref) refs/heads/main refs/remotes/main [26ms]
2024-08-18 16:20:09.511 [info] > git config --local branch.main.vscode-merge-base [5ms]
2024-08-18 16:20:09.511 [warning] [Git][config] git config failed: Failed to execute git
2024-08-18 16:20:09.515 [info] > git config --get commit.template [30ms]
2024-08-18 16:20:09.530 [info] > git for-each-ref --format=%(refname)%00%(upstream:short)%00%(objectname)%00%(upstream:track)%00%(upstream:remotename)%00%(upstream:remoteref) refs/heads/main refs/remotes/main [7ms]
2024-08-18 16:20:09.557 [info] > git status -z -uall [9ms]
2024-08-18 16:20:09.565 [info] > git for-each-ref --format=%(refname)%00%(upstream:short)%00%(objectname)%00%(upstream:track)%00%(upstream:remotename)%00%(upstream:remoteref) refs/heads/main refs/remotes/main [3ms]
2024-08-18 16:20:09.572 [info] > git reflog main --grep-reflog=branch: Created from *. [57ms]
2024-08-18 16:20:09.583 [info] > git config --local branch.main.vscode-merge-base [13ms]
2024-08-18 16:20:09.583 [warning] [Git][config] git config failed: Failed to execute git
2024-08-18 16:20:09.588 [info] > git symbolic-ref --short refs/remotes/origin/HEAD [12ms]
2024-08-18 16:20:09.588 [info] fatal: ref refs/remotes/origin/HEAD is not a symbolic ref
2024-08-18 16:20:09.594 [info] > git reflog main --grep-reflog=branch: Created from *. [7ms]
2024-08-18 16:20:09.600 [info] > git merge-base refs/heads/main refs/remotes/origin/main [7ms]
2024-08-18 16:20:09.606 [info] > git symbolic-ref --short refs/remotes/origin/HEAD [8ms]
2024-08-18 16:20:09.606 [info] fatal: ref refs/remotes/origin/HEAD is not a symbolic ref
2024-08-18 16:20:09.609 [info] > git rev-list --count --left-right refs/heads/main...refs/remotes/origin/main [4ms]
2024-08-18 16:20:09.619 [info] > git diff --name-status -z --diff-filter=ADMR b0f36be4c789cd055e65d73d85f7917ae028bb8f...refs/remotes/origin/main [4ms]
2024-08-18 16:20:09.635 [info] > git check-ignore -v -z --stdin [2ms]
2024-08-18 16:20:09.695 [info] > git ls-files --stage -- /home/fxy/Documents/2tal/main.py [1ms]
2024-08-18 16:20:09.738 [info] > git show --textconv :main.py [49ms]
2024-08-18 16:20:09.739 [info] > git cat-file -s c7df4ca922a3c05d526b54b2046834bb40007917 [40ms]
2024-08-18 16:23:42.785 [info] > git check-ignore -v -z --stdin [1ms]
2024-08-18 16:24:01.578 [info] > git fetch [653ms]
2024-08-18 16:24:01.578 [info] git: 'credential-wincred' is not a git command. See 'git --help'.
git: 'credential-wincred' is not a git command. See 'git --help'.
2024-08-18 16:24:01.590 [info] > git config --get commit.template [6ms]
2024-08-18 16:24:01.591 [info] > git for-each-ref --format=%(refname)%00%(upstream:short)%00%(objectname)%00%(upstream:track)%00%(upstream:remotename)%00%(upstream:remoteref) refs/heads/main refs/remotes/main [2ms]
2024-08-18 16:24:01.598 [info] > git status -z -uall [1ms]
2024-08-18 16:24:01.607 [info] > git for-each-ref --format=%(refname)%00%(upstream:short)%00%(objectname)%00%(upstream:track)%00%(upstream:remotename)%00%(upstream:remoteref) refs/heads/main refs/remotes/main [2ms]
2024-08-18 16:24:01.615 [info] > git config --local branch.main.vscode-merge-base [1ms]
2024-08-18 16:24:01.615 [warning] [Git][config] git config failed: Failed to execute git
2024-08-18 16:24:01.621 [info] > git reflog main --grep-reflog=branch: Created from *. [1ms]
2024-08-18 16:24:01.627 [info] > git symbolic-ref --short refs/remotes/origin/HEAD [1ms]
2024-08-18 16:24:01.627 [info] fatal: ref refs/remotes/origin/HEAD is not a symbolic ref
2024-08-18 16:24:02.667 [info] > git config --get commit.template [8ms]
2024-08-18 16:24:02.668 [info] > git for-each-ref --format=%(refname)%00%(upstream:short)%00%(objectname)%00%(upstream:track)%00%(upstream:remotename)%00%(upstream:remoteref) refs/heads/main refs/remotes/main [2ms]
2024-08-18 16:24:02.676 [info] > git status -z -uall [1ms]
2024-08-18 16:24:02.685 [info] > git for-each-ref --format=%(refname)%00%(upstream:short)%00%(objectname)%00%(upstream:track)%00%(upstream:remotename)%00%(upstream:remoteref) refs/heads/main refs/remotes/main [2ms]
2024-08-18 16:24:02.695 [info] > git config --local branch.main.vscode-merge-base [2ms]
2024-08-18 16:24:02.695 [warning] [Git][config] git config failed: Failed to execute git
2024-08-18 16:24:02.704 [info] > git reflog main --grep-reflog=branch: Created from *. [2ms]
2024-08-18 16:24:02.712 [info] > git symbolic-ref --short refs/remotes/origin/HEAD [1ms]
2024-08-18 16:24:02.712 [info] fatal: ref refs/remotes/origin/HEAD is not a symbolic ref
