2024-08-18 16:20:09.327 [info] Reading sessions from keychain...
2024-08-18 16:20:09.327 [info] Getting sessions for all scopes...
2024-08-18 16:20:09.327 [info] Got stored sessions!
2024-08-18 16:20:09.327 [info] Got 1 verified sessions.
2024-08-18 16:20:09.327 [info] Got 1 sessions for ...
2024-08-18 16:20:09.327 [info] Getting sessions for read:user,repo,user:email,workflow...
2024-08-18 16:20:09.327 [info] Got 1 sessions for read:user,repo,user:email,workflow...
2024-08-18 16:20:09.327 [info] Getting sessions for all scopes...
2024-08-18 16:20:09.327 [info] Got 1 sessions for ...
2024-08-18 16:20:09.327 [info] Getting sessions for all scopes...
2024-08-18 16:20:09.327 [info] Got 1 sessions for ...
2024-08-18 16:20:09.327 [info] Getting sessions for all scopes...
2024-08-18 16:20:09.327 [info] Got 1 sessions for ...
2024-08-18 16:20:09.327 [info] Getting sessions for read:user,repo,user:email,workflow...
2024-08-18 16:20:09.327 [info] Got 1 sessions for read:user,repo,user:email,workflow...
2024-08-18 16:20:09.525 [info] Getting sessions for read:user,repo,user:email,workflow...
2024-08-18 16:20:09.525 [info] Got 1 sessions for read:user,repo,user:email,workflow...
2024-08-18 16:20:09.526 [info] Getting sessions for read:user,repo,user:email,workflow...
2024-08-18 16:20:09.526 [info] Got 1 sessions for read:user,repo,user:email,workflow...
2024-08-18 16:20:10.059 [info] Getting sessions for read:user,repo,user:email,workflow...
2024-08-18 16:20:10.059 [info] Got 1 sessions for read:user,repo,user:email,workflow...
