2024-08-18 16:24:13.163 [info] Starting Python Locator /home/fxy/.vscode/extensions/ms-python.python-2024.12.3-linux-x64/python-env-tools/bin/pet server
2024-08-18 16:24:13.260 [info] Discovered env: /bin/python3
2024-08-18 16:24:13.260 [info] Discovered env: /usr/bin/python3
2024-08-18 16:24:13.261 [info] Discovered env: /bin/python3.11
2024-08-18 16:24:13.261 [info] Discovered env: /usr/bin/python3.11
2024-08-18 16:24:13.262 [info] Locator Conda took 47.407918ms
2024-08-18 16:24:13.262 [info] Locator Homebrew took 2.275327ms
2024-08-18 16:24:13.262 [info] Locator LinuxGlobal took 50.417098ms
2024-08-18 16:24:13.262 [info] Locator PipEnv took 19.741µs
2024-08-18 16:24:13.262 [info] Locator Poetry took 130.911µs
2024-08-18 16:24:13.263 [info] Locator PyEnv took 1.141319ms
2024-08-18 16:24:13.263 [info] Locator Venv took 93.838µs
2024-08-18 16:24:13.263 [info] Locator VirtualEnv took 22.672µs
2024-08-18 16:24:13.263 [info] Locator VirtualEnvWrapper took 565.939µs
2024-08-18 16:24:13.264 [info] Locator GlobalVirtualEnvs took 30.833µs
2024-08-18 16:24:13.264 [info] Locator Locators took 52.841258ms
2024-08-18 16:24:13.264 [info] Locator Path took 54.549246ms
2024-08-18 16:24:13.264 [info] Locator Workspaces took 1.61µs
2024-08-18 16:24:13.264 [info] Refresh completed in 56ms
2024-08-18 16:24:13.274 [info] Resolved /bin/python3.11
2024-08-18 16:24:13.274 [info] Resolved /usr/bin/python3
2024-08-18 16:24:13.275 [info] Resolved /usr/bin/python3.11
