2024-08-17 22:27:59.936 [info] Starting Python Locator /home/fxy/.vscode/extensions/ms-python.python-2024.12.3-linux-x64/python-env-tools/bin/pet server
2024-08-17 22:28:00.601 [info] Discovered env: /bin/python3
2024-08-17 22:28:00.916 [info] Discovered env: /usr/bin/python3
2024-08-17 22:28:05.557 [info] Locator Conda took 5.618107873s
2024-08-17 22:28:05.557 [info] Locator Homebrew took 333.863µs
2024-08-17 22:28:05.557 [info] Locator LinuxGlobal took 647.093332ms
2024-08-17 22:28:05.557 [info] Locator PipEnv took 473.593µs
2024-08-17 22:28:05.557 [info] Locator Poetry took 905.404µs
2024-08-17 22:28:05.557 [info] Locator PyEnv took 42.698784ms
2024-08-17 22:28:05.557 [info] Locator Venv took 22.562µs
2024-08-17 22:28:05.557 [info] Locator VirtualEnv took 312.252µs
2024-08-17 22:28:05.557 [info] Locator VirtualEnvWrapper took 598.912µs
2024-08-17 22:28:05.558 [info] Locator GlobalVirtualEnvs took 72.755µs
2024-08-17 22:28:05.558 [info] Locator Locators took 5.621664673s
2024-08-17 22:28:05.558 [info] Locator Path took 813.326178ms
2024-08-17 22:28:05.558 [info] Locator Workspaces took 1.47µs
2024-08-17 22:28:05.558 [info] Refresh completed in 5622ms
2024-08-17 22:30:26.810 [info] Starting Python Locator /home/fxy/.vscode/extensions/ms-python.python-2024.12.3-linux-x64/python-env-tools/bin/pet server
2024-08-17 22:30:26.816 [info] Discovered env: /bin/python3
2024-08-17 22:30:26.822 [info] Discovered env: /usr/bin/python3
2024-08-17 22:30:27.101 [info] Locator Conda took 43.883791ms
2024-08-17 22:30:27.103 [info] Locator Homebrew took 104.017µs
2024-08-17 22:30:27.104 [info] Locator LinuxGlobal took 43.982708ms
2024-08-17 22:30:27.104 [info] Locator PipEnv took 16.721µs
2024-08-17 22:30:27.105 [info] Locator Poetry took 51.494µs
2024-08-17 22:30:27.106 [info] Locator PyEnv took 222.836µs
2024-08-17 22:30:27.106 [info] Locator Venv took 19.232µs
2024-08-17 22:30:27.106 [info] Locator VirtualEnv took 8.951µs
2024-08-17 22:30:27.106 [info] Locator VirtualEnvWrapper took 37.262µs
2024-08-17 22:30:27.106 [info] Locator GlobalVirtualEnvs took 60.564µs
2024-08-17 22:30:27.106 [info] Locator Locators took 47.087545ms
2024-08-17 22:30:27.106 [info] Locator Path took 85.367735ms
2024-08-17 22:30:27.106 [info] Locator Workspaces took 1.818488ms
2024-08-17 22:30:27.106 [info] Refresh completed in 86ms
