2024-08-18 16:24:50.068 [info] [main] Log level: Info
2024-08-18 16:24:50.069 [info] [main] Validating found git in: "git"
2024-08-18 16:24:50.069 [info] [main] Using git "2.39.2" from "git"
2024-08-18 16:24:50.069 [info] [Model][doInitialScan] Initial repository scan started
2024-08-18 16:24:50.069 [info] > git rev-parse --show-toplevel [6ms]
2024-08-18 16:24:50.069 [info] > git rev-parse --git-dir --git-common-dir [75ms]
2024-08-18 16:24:50.069 [info] [Model][openRepository] Opened repository: /home/fxy/Documents/2tal
2024-08-18 16:24:50.069 [info] [Model][doInitialScan] Initial repository scan completed - repositories (1), closed repositories (0), parent repositories (0), unsafe repositories (0)
2024-08-18 16:24:50.115 [info] > git config --get commit.template [41ms]
2024-08-18 16:24:50.157 [info] > git for-each-ref --format=%(refname)%00%(upstream:short)%00%(objectname)%00%(upstream:track)%00%(upstream:remotename)%00%(upstream:remoteref) refs/heads/main refs/remotes/main [16ms]
2024-08-18 16:24:50.179 [info] > git status -z -uall [10ms]
2024-08-18 16:24:50.206 [info] > git for-each-ref --format=%(refname)%00%(upstream:short)%00%(objectname)%00%(upstream:track)%00%(upstream:remotename)%00%(upstream:remoteref) refs/heads/main refs/remotes/main [21ms]
2024-08-18 16:24:50.300 [info] > git config --get commit.template [94ms]
2024-08-18 16:24:50.302 [info] > git config --local branch.main.vscode-merge-base [88ms]
2024-08-18 16:24:50.302 [warning] [Git][config] git config failed: Failed to execute git
2024-08-18 16:24:50.316 [info] > git reflog main --grep-reflog=branch: Created from *. [8ms]
2024-08-18 16:24:50.323 [info] > git for-each-ref --format=%(refname)%00%(upstream:short)%00%(objectname)%00%(upstream:track)%00%(upstream:remotename)%00%(upstream:remoteref) refs/heads/main refs/remotes/main [8ms]
2024-08-18 16:24:50.334 [info] > git symbolic-ref --short refs/remotes/origin/HEAD [13ms]
2024-08-18 16:24:50.334 [info] fatal: ref refs/remotes/origin/HEAD is not a symbolic ref
2024-08-18 16:24:50.374 [info] > git merge-base refs/heads/main refs/remotes/origin/main [35ms]
2024-08-18 16:24:50.391 [info] > git status -z -uall [5ms]
2024-08-18 16:24:50.401 [info] > git rev-list --count --left-right refs/heads/main...refs/remotes/origin/main [21ms]
2024-08-18 16:24:50.427 [info] > git for-each-ref --format=%(refname)%00%(upstream:short)%00%(objectname)%00%(upstream:track)%00%(upstream:remotename)%00%(upstream:remoteref) refs/heads/main refs/remotes/main [28ms]
2024-08-18 16:24:50.459 [info] > git config --local branch.main.vscode-merge-base [27ms]
2024-08-18 16:24:50.459 [warning] [Git][config] git config failed: Failed to execute git
2024-08-18 16:24:50.464 [info] > git diff --name-status -z --diff-filter=ADMR b0f36be4c789cd055e65d73d85f7917ae028bb8f...refs/remotes/origin/main [55ms]
2024-08-18 16:24:50.474 [info] > git reflog main --grep-reflog=branch: Created from *. [10ms]
2024-08-18 16:24:50.510 [info] > git show --textconv :main.py [15ms]
2024-08-18 16:24:50.512 [info] > git symbolic-ref --short refs/remotes/origin/HEAD [26ms]
2024-08-18 16:24:50.512 [info] fatal: ref refs/remotes/origin/HEAD is not a symbolic ref
2024-08-18 16:24:50.523 [info] > git ls-files --stage -- /home/fxy/Documents/2tal/main.py [14ms]
2024-08-18 16:24:50.547 [info] > git cat-file -s c7df4ca922a3c05d526b54b2046834bb40007917 [15ms]
2024-08-18 16:24:50.620 [info] > git check-ignore -v -z --stdin [3ms]
2024-08-18 16:24:55.022 [info] > git fetch [517ms]
2024-08-18 16:24:55.022 [info] git: 'credential-wincred' is not a git command. See 'git --help'.
git: 'credential-wincred' is not a git command. See 'git --help'.
2024-08-18 16:24:55.039 [info] > git config --get commit.template [9ms]
2024-08-18 16:24:55.041 [info] > git for-each-ref --format=%(refname)%00%(upstream:short)%00%(objectname)%00%(upstream:track)%00%(upstream:remotename)%00%(upstream:remoteref) refs/heads/main refs/remotes/main [3ms]
2024-08-18 16:24:55.051 [info] > git status -z -uall [2ms]
2024-08-18 16:24:55.061 [info] > git for-each-ref --format=%(refname)%00%(upstream:short)%00%(objectname)%00%(upstream:track)%00%(upstream:remotename)%00%(upstream:remoteref) refs/heads/main refs/remotes/main [3ms]
2024-08-18 16:24:55.069 [info] > git config --local branch.main.vscode-merge-base [2ms]
2024-08-18 16:24:55.069 [warning] [Git][config] git config failed: Failed to execute git
2024-08-18 16:24:55.076 [info] > git reflog main --grep-reflog=branch: Created from *. [1ms]
2024-08-18 16:24:55.083 [info] > git symbolic-ref --short refs/remotes/origin/HEAD [1ms]
2024-08-18 16:24:55.083 [info] fatal: ref refs/remotes/origin/HEAD is not a symbolic ref
2024-08-18 16:24:56.132 [info] > git config --get commit.template [11ms]
2024-08-18 16:24:56.133 [info] > git for-each-ref --format=%(refname)%00%(upstream:short)%00%(objectname)%00%(upstream:track)%00%(upstream:remotename)%00%(upstream:remoteref) refs/heads/main refs/remotes/main [2ms]
2024-08-18 16:24:56.141 [info] > git status -z -uall [2ms]
2024-08-18 16:24:56.151 [info] > git for-each-ref --format=%(refname)%00%(upstream:short)%00%(objectname)%00%(upstream:track)%00%(upstream:remotename)%00%(upstream:remoteref) refs/heads/main refs/remotes/main [2ms]
2024-08-18 16:24:56.160 [info] > git config --local branch.main.vscode-merge-base [1ms]
2024-08-18 16:24:56.160 [warning] [Git][config] git config failed: Failed to execute git
2024-08-18 16:24:56.168 [info] > git reflog main --grep-reflog=branch: Created from *. [1ms]
2024-08-18 16:24:56.176 [info] > git symbolic-ref --short refs/remotes/origin/HEAD [1ms]
2024-08-18 16:24:56.176 [info] fatal: ref refs/remotes/origin/HEAD is not a symbolic ref
2024-08-18 16:24:56.201 [info] > git ls-files --stage -- /home/fxy/Documents/2tal/main.py [1ms]
2024-08-18 16:24:56.209 [info] > git cat-file -s c7df4ca922a3c05d526b54b2046834bb40007917 [2ms]
2024-08-18 16:24:56.222 [info] > git show --textconv :main.py [1ms]
