2024-08-17 22:30:28.288 [info] Reading sessions from keychain...
2024-08-17 22:30:28.288 [info] Getting sessions for all scopes...
2024-08-17 22:30:28.288 [info] Got 0 sessions for ...
2024-08-17 22:30:28.288 [info] Getting sessions for all scopes...
2024-08-17 22:30:28.288 [info] Got 0 sessions for ...
2024-08-17 22:30:28.288 [info] Getting sessions for read:user,repo,user:email,workflow...
2024-08-17 22:30:28.288 [info] Got 0 sessions for read:user,repo,user:email,workflow...
2024-08-17 22:30:32.143 [info] Getting sessions for read:user,repo,user:email,workflow...
2024-08-17 22:30:32.143 [info] Got 0 sessions for read:user,repo,user:email,workflow...
2024-08-17 22:30:34.440 [info] Getting sessions for read:user,repo,user:email,workflow...
2024-08-17 22:30:34.440 [info] Got 0 sessions for read:user,repo,user:email,workflow...
2024-08-17 22:30:34.442 [info] Getting sessions for read:user,repo,user:email,workflow...
2024-08-17 22:30:34.442 [info] Got 0 sessions for read:user,repo,user:email,workflow...
2024-08-17 22:30:35.536 [info] Logging in with 'any' account...
2024-08-17 22:30:35.536 [info] Logging in for the following scopes: read:user repo user:email workflow
2024-08-17 22:30:35.542 [info] Trying without local server... (read:user repo user:email workflow)
2024-08-17 22:30:52.101 [info] Exchanging code for token...
2024-08-17 22:30:52.326 [info] Token exchange success!
2024-08-17 22:30:52.328 [info] Getting user info...
2024-08-17 22:30:52.582 [info] Got account info!
2024-08-17 22:30:52.583 [info] Storing 1 sessions...
2024-08-17 22:30:57.364 [info] Reading sessions from keychain...
2024-08-17 22:30:57.365 [info] Stored 1 sessions!
2024-08-17 22:30:57.365 [info] Login success!
2024-08-17 22:30:57.405 [info] Got stored sessions!
2024-08-17 22:30:57.405 [info] Got 1 verified sessions.
2024-08-17 22:31:13.752 [info] Getting sessions for all scopes...
2024-08-17 22:31:13.752 [info] Got 1 sessions for ...
2024-08-17 22:31:13.752 [info] Getting sessions for all scopes...
2024-08-17 22:31:13.752 [info] Got 1 sessions for ...
2024-08-17 22:31:13.753 [info] Getting sessions for all scopes...
2024-08-17 22:31:13.753 [info] Got 1 sessions for ...
2024-08-17 22:31:13.753 [info] Getting sessions for read:user,repo,user:email,workflow...
2024-08-17 22:31:13.753 [info] Got 1 sessions for read:user,repo,user:email,workflow...
2024-08-17 22:31:13.759 [info] Getting sessions for read:user,repo,user:email,workflow...
2024-08-17 22:31:13.759 [info] Got 1 sessions for read:user,repo,user:email,workflow...
2024-08-17 22:56:14.128 [info] Getting sessions for read:user,repo,user:email,workflow...
2024-08-17 22:56:14.128 [info] Got 1 sessions for read:user,repo,user:email,workflow...
2024-08-17 22:56:14.507 [info] Getting sessions for all scopes...
2024-08-17 22:56:14.507 [info] Got 1 sessions for ...
2024-08-17 22:56:14.508 [info] Getting sessions for read:user,repo,user:email,workflow...
2024-08-17 22:56:14.508 [info] Got 1 sessions for read:user,repo,user:email,workflow...
2024-08-17 23:21:14.384 [info] Getting sessions for read:user,repo,user:email,workflow...
2024-08-17 23:21:14.384 [info] Got 1 sessions for read:user,repo,user:email,workflow...
2024-08-17 23:21:15.147 [info] Getting sessions for all scopes...
2024-08-17 23:21:15.147 [info] Got 1 sessions for ...
2024-08-17 23:21:15.159 [info] Getting sessions for read:user,repo,user:email,workflow...
2024-08-17 23:21:15.159 [info] Got 1 sessions for read:user,repo,user:email,workflow...
2024-08-17 23:32:36.846 [info] Getting sessions for read:user,repo,user:email,workflow...
2024-08-17 23:32:36.846 [info] Got 1 sessions for read:user,repo,user:email,workflow...
2024-08-17 23:46:14.640 [info] Getting sessions for read:user,repo,user:email,workflow...
2024-08-17 23:46:14.640 [info] Got 1 sessions for read:user,repo,user:email,workflow...
2024-08-17 23:46:15.806 [info] Getting sessions for all scopes...
2024-08-17 23:46:15.806 [info] Got 1 sessions for ...
2024-08-17 23:46:15.807 [info] Getting sessions for read:user,repo,user:email,workflow...
2024-08-17 23:46:15.807 [info] Got 1 sessions for read:user,repo,user:email,workflow...
2024-08-18 00:11:14.885 [info] Getting sessions for read:user,repo,user:email,workflow...
2024-08-18 00:11:14.886 [info] Got 1 sessions for read:user,repo,user:email,workflow...
2024-08-18 00:11:16.540 [info] Getting sessions for all scopes...
2024-08-18 00:11:16.540 [info] Got 1 sessions for ...
2024-08-18 00:11:16.541 [info] Getting sessions for read:user,repo,user:email,workflow...
2024-08-18 00:11:16.541 [info] Got 1 sessions for read:user,repo,user:email,workflow...
2024-08-18 00:36:15.143 [info] Getting sessions for read:user,repo,user:email,workflow...
2024-08-18 00:36:15.143 [info] Got 1 sessions for read:user,repo,user:email,workflow...
2024-08-18 00:36:17.159 [info] Getting sessions for all scopes...
2024-08-18 00:36:17.159 [info] Got 1 sessions for ...
2024-08-18 00:36:17.159 [info] Getting sessions for read:user,repo,user:email,workflow...
2024-08-18 00:36:17.159 [info] Got 1 sessions for read:user,repo,user:email,workflow...
